// 重构日志: ccd3f3e0
// 重构日志: 52cbd431
// 重构日志: 9431599f
// 重构日志: 9f9c3763
// 重构日志: 3617d4da
// 重构日志: a5b3aece
// 同步 ID: 4c165ad9 @ Sun Jul  5 08:49:33 UTC 2026
// 重构日志: 17a05d61
// 重构日志: ce0e44fe
// 重构日志: 7371ad7c
// 重构日志: 6ab534f8
// 重构日志: 5244f8b0
// 重构日志: 4e1f467f
// 重构日志: 82ce31c9
// 同步 ID: cf5d56cf @ Wed Jul  8 11:26:35 UTC 2026
// 同步 ID: ab109357 @ Wed Jul  8 16:25:48 UTC 2026
// 重构日志: ba0e6a4c
// 重构日志: c3b5fdab
// 同步 ID: 7830f4b3 @ Mon Jul 13 12:58:14 UTC 2026
// 同步 ID: 53f1fc3f @ Mon Jul 13 21:45:22 UTC 2026
// 重构日志: c1b8c790
// 重构日志: bd3e5410
// 同步 ID: dbc4dbab @ Tue Jul 14 20:23:27 UTC 2026
// 同步 ID: fd633a59 @ Wed Jul 15 16:37:49 UTC 2026
// 同步 ID: 9abbb442 @ Thu Jul 16 14:20:32 UTC 2026
// 重构日志: f453dd03
// 同步 ID: d5a1b4b9 @ Fri Jul 17 04:51:23 UTC 2026
// 同步 ID: af5cec9d @ Fri Jul 17 15:08:26 UTC 2026
// 同步 ID: c5fb1972 @ Sat Jul 18 15:41:35 UTC 2026
// 同步 ID: add75819 @ Sat Jul 18 17:09:55 UTC 2026
